# JRE version: Java(TM) SE Runtime Environment (7.0_40-b43) (build 1.7.0_40-b43)
# Java VM: Java HotSpot(TM) 64-Bit Server VM (24.0-b56 mixed mode linux-amd64 compressed oops)
Heap
 PSYoungGen      total 814592K, used 263831K [0x00000007c2000000, 0x00000007ffa80000, 0x0000000800000000)
  eden space 621056K, 41% used [0x00000007c2000000,0x00000007d1d8de38,0x00000007e7e80000)
  from space 193536K, 2% used [0x00000007e7e80000,0x00000007e8298050,0x00000007f3b80000)
  to   space 188928K, 0% used [0x00000007f4200000,0x00000007f4200000,0x00000007ffa80000)
 ParOldGen       total 322048K, used 219485K [0x0000000746000000, 0x0000000759a80000, 0x00000007c2000000)
  object space 322048K, 68% used [0x0000000746000000,0x0000000753657700,0x0000000759a80000)
 PSPermGen       total 47104K, used 46854K [0x0000000740e00000, 0x0000000743c00000, 0x0000000746000000)
  object space 47104K, 99% used [0x0000000740e00000,0x0000000743bc1bb0,0x0000000743c00000)
GC Heap History (10 events):
Event: 81.875 GC heap before
{Heap before GC invocations=23 (full 4):
 PSYoungGen      total 800256K, used 607792K [0x00000007c2000000, 0x0000000800000000, 0x0000000800000000)
  eden space 604672K, 100% used [0x00000007c2000000,0x00000007e6e80000,0x00000007e6e80000)
  from space 195584K, 1% used [0x00000007f3200000,0x00000007f350c020,0x00000007ff100000)
  to   space 200192K, 0% used [0x00000007e6e80000,0x00000007e6e80000,0x00000007f3200000)
 ParOldGen       total 322048K, used 209053K [0x0000000746000000, 0x0000000759a80000, 0x00000007c2000000)
  object space 322048K, 64% used [0x0000000746000000,0x0000000752c274a0,0x0000000759a80000)
 PSPermGen       total 44032K, used 34815K [0x0000000740e00000, 0x0000000743900000, 0x0000000746000000)
  object space 44032K, 79% used [0x0000000740e00000,0x0000000742ffffa8,0x0000000743900000)
Event: 81.884 GC heap after
Heap after GC invocations=23 (full 4):
 PSYoungGen      total 804864K, used 3757K [0x00000007c2000000, 0x0000000800000000, 0x0000000800000000)
  eden space 604672K, 0% used [0x00000007c2000000,0x00000007c2000000,0x00000007e6e80000)
  from space 200192K, 1% used [0x00000007e6e80000,0x00000007e722b510,0x00000007f3200000)
  to   space 202240K, 0% used [0x00000007f3a80000,0x00000007f3a80000,0x0000000800000000)
 ParOldGen       total 322048K, used 209197K [0x0000000746000000, 0x0000000759a80000, 0x00000007c2000000)
  object space 322048K, 64% used [0x0000000746000000,0x0000000752c4b4a0,0x0000000759a80000)
 PSPermGen       total 44032K, used 34815K [0x0000000740e00000, 0x0000000743900000, 0x0000000746000000)
  object space 44032K, 79% used [0x0000000740e00000,0x0000000742ffffa8,0x0000000743900000)
}
Event: 91.102 GC heap before
{Heap before GC invocations=24 (full 4):
 PSYoungGen      total 804864K, used 608429K [0x00000007c2000000, 0x0000000800000000, 0x0000000800000000)
  eden space 604672K, 100% used [0x00000007c2000000,0x00000007e6e80000,0x00000007e6e80000)
  from space 200192K, 1% used [0x00000007e6e80000,0x00000007e722b510,0x00000007f3200000)
  to   space 202240K, 0% used [0x00000007f3a80000,0x00000007f3a80000,0x0000000800000000)
 ParOldGen       total 322048K, used 209197K [0x0000000746000000, 0x0000000759a80000, 0x00000007c2000000)
  object space 322048K, 64% used [0x0000000746000000,0x0000000752c4b4a0,0x0000000759a80000)
 PSPermGen       total 46080K, used 45799K [0x0000000740e00000, 0x0000000743b00000, 0x0000000746000000)
  object space 46080K, 99% used [0x0000000740e00000,0x0000000743ab9f68,0x0000000743b00000)
Event: 91.122 GC heap after
Heap after GC invocations=24 (full 4):
 PSYoungGen      total 809472K, used 24706K [0x00000007c2000000, 0x00000007ffa00000, 0x0000000800000000)
  eden space 613376K, 0% used [0x00000007c2000000,0x00000007c2000000,0x00000007e7700000)
  from space 196096K, 12% used [0x00000007f3a80000,0x00000007f52a0b80,0x00000007ffa00000)
  to   space 198144K, 0% used [0x00000007e7700000,0x00000007e7700000,0x00000007f3880000)
 ParOldGen       total 322048K, used 211069K [0x0000000746000000, 0x0000000759a80000, 0x00000007c2000000)
  object space 322048K, 65% used [0x0000000746000000,0x0000000752e1f5b0,0x0000000759a80000)
 PSPermGen       total 46080K, used 45799K [0x0000000740e00000, 0x0000000743b00000, 0x0000000746000000)
  object space 46080K, 99% used [0x0000000740e00000,0x0000000743ab9f68,0x0000000743b00000)
}
Event: 205.701 GC heap before
{Heap before GC invocations=25 (full 4):
 PSYoungGen      total 809472K, used 638082K [0x00000007c2000000, 0x00000007ffa00000, 0x0000000800000000)
  eden space 613376K, 100% used [0x00000007c2000000,0x00000007e7700000,0x00000007e7700000)
  from space 196096K, 12% used [0x00000007f3a80000,0x00000007f52a0b80,0x00000007ffa00000)
  to   space 198144K, 0% used [0x00000007e7700000,0x00000007e7700000,0x00000007f3880000)
 ParOldGen       total 322048K, used 211069K [0x0000000746000000, 0x0000000759a80000, 0x00000007c2000000)
  object space 322048K, 65% used [0x0000000746000000,0x0000000752e1f5b0,0x0000000759a80000)
 PSPermGen       total 46592K, used 46261K [0x0000000740e00000, 0x0000000743b80000, 0x0000000746000000)
  object space 46592K, 99% used [0x0000000740e00000,0x0000000743b2d700,0x0000000743b80000)
Event: 205.718 GC heap after
Heap after GC invocations=25 (full 4):
 PSYoungGen      total 811520K, used 3104K [0x00000007c2000000, 0x00000007fff00000, 0x0000000800000000)
  eden space 613376K, 0% used [0x00000007c2000000,0x00000007c2000000,0x00000007e7700000)
  from space 198144K, 1% used [0x00000007e7700000,0x00000007e7a08120,0x00000007f3880000)
  to   space 196608K, 0% used [0x00000007f3f00000,0x00000007f3f00000,0x00000007fff00000)
 ParOldGen       total 322048K, used 219485K [0x0000000746000000, 0x0000000759a80000, 0x00000007c2000000)
  object space 322048K, 68% used [0x0000000746000000,0x0000000753657700,0x0000000759a80000)
 PSPermGen       total 46592K, used 46261K [0x0000000740e00000, 0x0000000743b80000, 0x0000000746000000)
  object space 46592K, 99% used [0x0000000740e00000,0x0000000743b2d700,0x0000000743b80000)
}
Event: 208.604 GC heap before
{Heap before GC invocations=26 (full 4):
 PSYoungGen      total 811520K, used 616480K [0x00000007c2000000, 0x00000007fff00000, 0x0000000800000000)
  eden space 613376K, 100% used [0x00000007c2000000,0x00000007e7700000,0x00000007e7700000)
  from space 198144K, 1% used [0x00000007e7700000,0x00000007e7a08120,0x00000007f3880000)
  to   space 196608K, 0% used [0x00000007f3f00000,0x00000007f3f00000,0x00000007fff00000)
 ParOldGen       total 322048K, used 219485K [0x0000000746000000, 0x0000000759a80000, 0x00000007c2000000)
  object space 322048K, 68% used [0x0000000746000000,0x0000000753657700,0x0000000759a80000)
 PSPermGen       total 46592K, used 46268K [0x0000000740e00000, 0x0000000743b80000, 0x0000000746000000)
  object space 46592K, 99% used [0x0000000740e00000,0x0000000743b2f070,0x0000000743b80000)
Event: 208.616 GC heap after
Heap after GC invocations=26 (full 4):
 PSYoungGen      total 811008K, used 3552K [0x00000007c2000000, 0x00000007ff880000, 0x0000000800000000)
  eden space 621056K, 0% used [0x00000007c2000000,0x00000007c2000000,0x00000007e7e80000)
  from space 189952K, 1% used [0x00000007f3f00000,0x00000007f4278140,0x00000007ff880000)
  to   space 193536K, 0% used [0x00000007e7e80000,0x00000007e7e80000,0x00000007f3b80000)
 ParOldGen       total 322048K, used 219485K [0x0000000746000000, 0x0000000759a80000, 0x00000007c2000000)
  object space 322048K, 68% used [0x0000000746000000,0x0000000753657700,0x0000000759a80000)
 PSPermGen       total 46592K, used 46268K [0x0000000740e00000, 0x0000000743b80000, 0x0000000746000000)
  object space 46592K, 99% used [0x0000000740e00000,0x0000000743b2f070,0x0000000743b80000)
}
Event: 219.611 GC heap before
{Heap before GC invocations=27 (full 4):
 PSYoungGen      total 811008K, used 624608K [0x00000007c2000000, 0x00000007ff880000, 0x0000000800000000)
  eden space 621056K, 100% used [0x00000007c2000000,0x00000007e7e80000,0x00000007e7e80000)
  from space 189952K, 1% used [0x00000007f3f00000,0x00000007f4278140,0x00000007ff880000)
  to   space 193536K, 0% used [0x00000007e7e80000,0x00000007e7e80000,0x00000007f3b80000)
 ParOldGen       total 322048K, used 219485K [0x0000000746000000, 0x0000000759a80000, 0x00000007c2000000)
  object space 322048K, 68% used [0x0000000746000000,0x0000000753657700,0x0000000759a80000)
 PSPermGen       total 46592K, used 46305K [0x0000000740e00000, 0x0000000743b80000, 0x0000000746000000)
  object space 46592K, 99% used [0x0000000740e00000,0x0000000743b38730,0x0000000743b80000)
Event: 219.619 GC heap after
Heap after GC invocations=27 (full 4):
 PSYoungGen      total 814592K, used 4192K [0x00000007c2000000, 0x00000007ffa80000, 0x0000000800000000)
  eden space 621056K, 0% used [0x00000007c2000000,0x00000007c2000000,0x00000007e7e80000)
  from space 193536K, 2% used [0x00000007e7e80000,0x00000007e8298050,0x00000007f3b80000)
  to   space 188928K, 0% used [0x00000007f4200000,0x00000007f4200000,0x00000007ffa80000)
 ParOldGen       total 322048K, used 219485K [0x0000000746000000, 0x0000000759a80000, 0x00000007c2000000)
  object space 322048K, 68% used [0x0000000746000000,0x0000000753657700,0x0000000759a80000)
 PSPermGen       total 46592K, used 46305K [0x0000000740e00000, 0x0000000743b80000, 0x0000000746000000)
  object space 46592K, 99% used [0x0000000740e00000,0x0000000743b38730,0x0000000743b80000)
}

